2021-08-07 14:15:47,965 INFO com.StockExchangeApplication [main] Starting StockExchangeApplication using Java 1.8.0_271 on DESKTOP-UH4LA0I with PID 10208 (C:\Users\Golu\Documents\workspace-sts-sprint\StockExchange\bin\main started by Golu in C:\Users\Golu\Documents\workspace-sts-sprint\StockExchange)
2021-08-07 14:15:47,970 DEBUG com.StockExchangeApplication [main] Running with Spring Boot v2.5.3, Spring v5.3.9
2021-08-07 14:15:47,971 INFO com.StockExchangeApplication [main] No active profile set, falling back to default profiles: default
2021-08-07 14:15:50,580 INFO org.springframework.data.repository.config.RepositoryConfigurationDelegate [main] Bootstrapping Spring Data JPA repositories in DEFAULT mode.
2021-08-07 14:15:51,505 INFO org.springframework.data.repository.config.RepositoryConfigurationDelegate [main] Finished Spring Data repository scanning in 906 ms. Found 6 JPA repository interfaces.
2021-08-07 14:15:52,783 INFO org.springframework.boot.web.embedded.tomcat.TomcatWebServer [main] Tomcat initialized with port(s): 8081 (http)
2021-08-07 14:15:52,798 INFO org.apache.coyote.http11.Http11NioProtocol [main] Initializing ProtocolHandler ["http-nio-8081"]
2021-08-07 14:15:52,799 INFO org.apache.catalina.core.StandardService [main] Starting service [Tomcat]
2021-08-07 14:15:52,799 INFO org.apache.catalina.core.StandardEngine [main] Starting Servlet engine: [Apache Tomcat/9.0.50]
2021-08-07 14:15:53,113 INFO org.apache.catalina.core.ContainerBase.[Tomcat].[localhost].[/] [main] Initializing Spring embedded WebApplicationContext
2021-08-07 14:15:53,113 INFO org.springframework.boot.web.servlet.context.ServletWebServerApplicationContext [main] Root WebApplicationContext: initialization completed in 5032 ms
2021-08-07 14:15:53,360 DEBUG com.zaxxer.hikari.HikariConfig [main] Driver class oracle.jdbc.OracleDriver found in Thread context class loader sun.misc.Launcher$AppClassLoader@764c12b6
2021-08-07 14:15:54,310 INFO org.hibernate.jpa.internal.util.LogHelper [main] HHH000204: Processing PersistenceUnitInfo [name: default]
2021-08-07 14:15:54,427 INFO org.hibernate.Version [main] HHH000412: Hibernate ORM core version 5.4.32.Final
2021-08-07 14:15:54,688 INFO org.hibernate.annotations.common.Version [main] HCANN000001: Hibernate Commons Annotations {5.1.2.Final}
2021-08-07 14:15:55,120 DEBUG com.zaxxer.hikari.HikariConfig [main] HikariPoolBooks - configuration:
2021-08-07 14:15:55,123 DEBUG com.zaxxer.hikari.HikariConfig [main] allowPoolSuspension................................false
2021-08-07 14:15:55,123 DEBUG com.zaxxer.hikari.HikariConfig [main] autoCommit................................true
2021-08-07 14:15:55,124 DEBUG com.zaxxer.hikari.HikariConfig [main] catalog................................none
2021-08-07 14:15:55,124 DEBUG com.zaxxer.hikari.HikariConfig [main] connectionInitSql................................none
2021-08-07 14:15:55,124 DEBUG com.zaxxer.hikari.HikariConfig [main] connectionTestQuery................................none
2021-08-07 14:15:55,124 DEBUG com.zaxxer.hikari.HikariConfig [main] connectionTimeout................................30000
2021-08-07 14:15:55,124 DEBUG com.zaxxer.hikari.HikariConfig [main] dataSource................................none
2021-08-07 14:15:55,125 DEBUG com.zaxxer.hikari.HikariConfig [main] dataSourceClassName................................none
2021-08-07 14:15:55,126 DEBUG com.zaxxer.hikari.HikariConfig [main] dataSourceJNDI................................none
2021-08-07 14:15:55,126 DEBUG com.zaxxer.hikari.HikariConfig [main] dataSourceProperties................................{password=<masked>}
2021-08-07 14:15:55,127 DEBUG com.zaxxer.hikari.HikariConfig [main] driverClassName................................"oracle.jdbc.OracleDriver"
2021-08-07 14:15:55,127 DEBUG com.zaxxer.hikari.HikariConfig [main] exceptionOverrideClassName................................none
2021-08-07 14:15:55,127 DEBUG com.zaxxer.hikari.HikariConfig [main] healthCheckProperties................................{}
2021-08-07 14:15:55,127 DEBUG com.zaxxer.hikari.HikariConfig [main] healthCheckRegistry................................none
2021-08-07 14:15:55,127 DEBUG com.zaxxer.hikari.HikariConfig [main] idleTimeout................................30000
2021-08-07 14:15:55,128 DEBUG com.zaxxer.hikari.HikariConfig [main] initializationFailTimeout................................1
2021-08-07 14:15:55,128 DEBUG com.zaxxer.hikari.HikariConfig [main] isolateInternalQueries................................false
2021-08-07 14:15:55,128 DEBUG com.zaxxer.hikari.HikariConfig [main] jdbcUrl................................jdbc:oracle:thin:@//localhost:1521/XE
2021-08-07 14:15:55,128 DEBUG com.zaxxer.hikari.HikariConfig [main] keepaliveTime................................0
2021-08-07 14:15:55,128 DEBUG com.zaxxer.hikari.HikariConfig [main] leakDetectionThreshold................................0
2021-08-07 14:15:55,129 DEBUG com.zaxxer.hikari.HikariConfig [main] maxLifetime................................2000000
2021-08-07 14:15:55,129 DEBUG com.zaxxer.hikari.HikariConfig [main] maximumPoolSize................................20
2021-08-07 14:15:55,129 DEBUG com.zaxxer.hikari.HikariConfig [main] metricRegistry................................none
2021-08-07 14:15:55,129 DEBUG com.zaxxer.hikari.HikariConfig [main] metricsTrackerFactory................................none
2021-08-07 14:15:55,129 DEBUG com.zaxxer.hikari.HikariConfig [main] minimumIdle................................5
2021-08-07 14:15:55,129 DEBUG com.zaxxer.hikari.HikariConfig [main] password................................<masked>
2021-08-07 14:15:55,129 DEBUG com.zaxxer.hikari.HikariConfig [main] poolName................................"HikariPoolBooks"
2021-08-07 14:15:55,130 DEBUG com.zaxxer.hikari.HikariConfig [main] readOnly................................false
2021-08-07 14:15:55,131 DEBUG com.zaxxer.hikari.HikariConfig [main] registerMbeans................................false
2021-08-07 14:15:55,131 DEBUG com.zaxxer.hikari.HikariConfig [main] scheduledExecutor................................none
2021-08-07 14:15:55,131 DEBUG com.zaxxer.hikari.HikariConfig [main] schema................................none
2021-08-07 14:15:55,131 DEBUG com.zaxxer.hikari.HikariConfig [main] threadFactory................................internal
2021-08-07 14:15:55,132 DEBUG com.zaxxer.hikari.HikariConfig [main] transactionIsolation................................default
2021-08-07 14:15:55,132 DEBUG com.zaxxer.hikari.HikariConfig [main] username................................"system"
2021-08-07 14:15:55,132 DEBUG com.zaxxer.hikari.HikariConfig [main] validationTimeout................................5000
2021-08-07 14:15:55,134 INFO com.zaxxer.hikari.HikariDataSource [main] HikariPoolBooks - Starting...
2021-08-07 14:15:56,210 DEBUG com.zaxxer.hikari.pool.HikariPool [main] HikariPoolBooks - Added connection oracle.jdbc.driver.T4CConnection@79f1e22e
2021-08-07 14:15:56,213 INFO com.zaxxer.hikari.HikariDataSource [main] HikariPoolBooks - Start completed.
2021-08-07 14:15:56,237 INFO org.hibernate.dialect.Dialect [main] HHH000400: Using dialect: org.hibernate.dialect.Oracle12cDialect
2021-08-07 14:15:56,321 DEBUG com.zaxxer.hikari.pool.HikariPool [HikariPoolBooks housekeeper] HikariPoolBooks - Before cleanup stats (total=1, active=1, idle=0, waiting=0)
2021-08-07 14:15:56,323 DEBUG com.zaxxer.hikari.pool.HikariPool [HikariPoolBooks housekeeper] HikariPoolBooks - After cleanup  stats (total=1, active=1, idle=0, waiting=0)
2021-08-07 14:15:56,395 DEBUG com.zaxxer.hikari.pool.HikariPool [HikariPoolBooks connection adder] HikariPoolBooks - Added connection oracle.jdbc.driver.T4CConnection@2ef59179
2021-08-07 14:15:56,437 DEBUG com.zaxxer.hikari.pool.HikariPool [HikariPoolBooks connection adder] HikariPoolBooks - Added connection oracle.jdbc.driver.T4CConnection@5e6dd305
2021-08-07 14:15:56,474 DEBUG com.zaxxer.hikari.pool.HikariPool [HikariPoolBooks connection adder] HikariPoolBooks - Added connection oracle.jdbc.driver.T4CConnection@fe7640d
2021-08-07 14:15:56,509 DEBUG com.zaxxer.hikari.pool.HikariPool [HikariPoolBooks connection adder] HikariPoolBooks - Added connection oracle.jdbc.driver.T4CConnection@6c1d5bf4
2021-08-07 14:15:56,547 DEBUG com.zaxxer.hikari.pool.HikariPool [HikariPoolBooks connection adder] HikariPoolBooks - Added connection oracle.jdbc.driver.T4CConnection@ba91f43
2021-08-07 14:15:56,547 DEBUG com.zaxxer.hikari.pool.HikariPool [HikariPoolBooks connection adder] HikariPoolBooks - After adding stats (total=6, active=1, idle=5, waiting=0)
2021-08-07 14:16:00,120 INFO org.hibernate.engine.transaction.jta.platform.internal.JtaPlatformInitiator [main] HHH000490: Using JtaPlatform implementation: [org.hibernate.engine.transaction.jta.platform.internal.NoJtaPlatform]
2021-08-07 14:16:00,140 INFO org.springframework.orm.jpa.LocalContainerEntityManagerFactoryBean [main] Initialized JPA EntityManagerFactory for persistence unit 'default'
2021-08-07 14:16:00,756 WARN org.springframework.boot.autoconfigure.orm.jpa.JpaBaseConfiguration$JpaWebConfiguration [main] spring.jpa.open-in-view is enabled by default. Therefore, database queries may be performed during view rendering. Explicitly configure spring.jpa.open-in-view to disable this warning
2021-08-07 14:16:02,075 INFO org.apache.coyote.http11.Http11NioProtocol [main] Starting ProtocolHandler ["http-nio-8081"]
2021-08-07 14:16:02,095 INFO org.springframework.boot.web.embedded.tomcat.TomcatWebServer [main] Tomcat started on port(s): 8081 (http) with context path ''
2021-08-07 14:16:02,109 INFO com.StockExchangeApplication [main] Started StockExchangeApplication in 15.104 seconds (JVM running for 17.066)
2021-08-07 14:16:26,334 DEBUG com.zaxxer.hikari.pool.HikariPool [HikariPoolBooks housekeeper] HikariPoolBooks - Before cleanup stats (total=6, active=0, idle=6, waiting=0)
2021-08-07 14:16:26,334 DEBUG com.zaxxer.hikari.pool.HikariPool [HikariPoolBooks housekeeper] HikariPoolBooks - After cleanup  stats (total=6, active=0, idle=6, waiting=0)
2021-08-07 14:16:26,335 DEBUG com.zaxxer.hikari.pool.HikariPool [HikariPoolBooks housekeeper] HikariPoolBooks - Fill pool skipped, pool is at sufficient level.
2021-08-07 14:16:56,336 DEBUG com.zaxxer.hikari.pool.HikariPool [HikariPoolBooks housekeeper] HikariPoolBooks - Before cleanup stats (total=6, active=0, idle=6, waiting=0)
2021-08-07 14:16:56,337 DEBUG com.zaxxer.hikari.pool.HikariPool [HikariPoolBooks housekeeper] HikariPoolBooks - After cleanup  stats (total=5, active=0, idle=5, waiting=0)
2021-08-07 14:16:56,337 DEBUG com.zaxxer.hikari.pool.PoolBase [HikariPoolBooks connection closer] HikariPoolBooks - Closing connection oracle.jdbc.driver.T4CConnection@ba91f43: (connection has passed idleTimeout)
2021-08-07 14:16:56,337 DEBUG com.zaxxer.hikari.pool.HikariPool [HikariPoolBooks housekeeper] HikariPoolBooks - Fill pool skipped, pool is at sufficient level.
2021-08-07 14:16:56,339 DEBUG com.zaxxer.hikari.pool.HikariPool [HikariPoolBooks connection closer] HikariPoolBooks - Fill pool skipped, pool is at sufficient level.
2021-08-07 14:17:26,351 DEBUG com.zaxxer.hikari.pool.HikariPool [HikariPoolBooks housekeeper] HikariPoolBooks - Before cleanup stats (total=5, active=0, idle=5, waiting=0)
2021-08-07 14:17:26,351 DEBUG com.zaxxer.hikari.pool.HikariPool [HikariPoolBooks housekeeper] HikariPoolBooks - After cleanup  stats (total=5, active=0, idle=5, waiting=0)
2021-08-07 14:17:26,352 DEBUG com.zaxxer.hikari.pool.HikariPool [HikariPoolBooks housekeeper] HikariPoolBooks - Fill pool skipped, pool is at sufficient level.
2021-08-07 14:17:56,365 DEBUG com.zaxxer.hikari.pool.HikariPool [HikariPoolBooks housekeeper] HikariPoolBooks - Before cleanup stats (total=5, active=0, idle=5, waiting=0)
2021-08-07 14:17:56,366 DEBUG com.zaxxer.hikari.pool.HikariPool [HikariPoolBooks housekeeper] HikariPoolBooks - After cleanup  stats (total=5, active=0, idle=5, waiting=0)
2021-08-07 14:17:56,366 DEBUG com.zaxxer.hikari.pool.HikariPool [HikariPoolBooks housekeeper] HikariPoolBooks - Fill pool skipped, pool is at sufficient level.
2021-08-07 14:18:26,375 DEBUG com.zaxxer.hikari.pool.HikariPool [HikariPoolBooks housekeeper] HikariPoolBooks - Before cleanup stats (total=5, active=0, idle=5, waiting=0)
2021-08-07 14:18:26,376 DEBUG com.zaxxer.hikari.pool.HikariPool [HikariPoolBooks housekeeper] HikariPoolBooks - After cleanup  stats (total=5, active=0, idle=5, waiting=0)
2021-08-07 14:18:26,377 DEBUG com.zaxxer.hikari.pool.HikariPool [HikariPoolBooks housekeeper] HikariPoolBooks - Fill pool skipped, pool is at sufficient level.
